# JRE version: Java(TM) SE Runtime Environment (8.0_131-b11) (build 1.8.0_131-b11)
# Java VM: Java HotSpot(TM) 64-Bit Server VM (25.131-b11 mixed mode windows-amd64 compressed oops)
Heap:
 PSYoungGen      total 177664K, used 38392K [0x00000000e0000000, 0x00000000ef500000, 0x0000000100000000)
  eden space 164352K, 15% used [0x00000000e0000000,0x00000000e1886290,0x00000000ea080000)
  from space 13312K, 99% used [0x00000000ea080000,0x00000000ead78018,0x00000000ead80000)
  to   space 17408K, 0% used [0x00000000ee400000,0x00000000ee400000,0x00000000ef500000)
 ParOldGen       total 84480K, used 21848K [0x00000000a0000000, 0x00000000a5280000, 0x00000000e0000000)
  object space 84480K, 25% used [0x00000000a0000000,0x00000000a15560d8,0x00000000a5280000)
 Metaspace       used 51375K, capacity 52888K, committed 52992K, reserved 1095680K
  class space    used 7000K, capacity 7348K, committed 7424K, reserved 1048576K
GC Heap History (10 events):
Event: 3.480 GC heap before
{Heap before GC invocations=7 (full 1):
 PSYoungGen      total 71680K, used 71679K [0x00000000e0000000, 0x00000000e7f80000, 0x0000000100000000)
  eden space 66560K, 100% used [0x00000000e0000000,0x00000000e4100000,0x00000000e4100000)
  from space 5120K, 99% used [0x00000000e4100000,0x00000000e45ffd58,0x00000000e4600000)
  to   space 10752K, 0% used [0x00000000e7500000,0x00000000e7500000,0x00000000e7f80000)
 ParOldGen       total 60928K, used 11490K [0x00000000a0000000, 0x00000000a3b80000, 0x00000000e0000000)
  object space 60928K, 18% used [0x00000000a0000000,0x00000000a0b38b58,0x00000000a3b80000)
 Metaspace       used 33361K, capacity 33996K, committed 34304K, reserved 1079296K
  class space    used 4571K, capacity 4761K, committed 4864K, reserved 1048576K
Event: 3.493 GC heap after
Heap after GC invocations=7 (full 1):
 PSYoungGen      total 116224K, used 10724K [0x00000000e0000000, 0x00000000e8000000, 0x0000000100000000)
  eden space 105472K, 0% used [0x00000000e0000000,0x00000000e0000000,0x00000000e6700000)
  from space 10752K, 99% used [0x00000000e7500000,0x00000000e7f79110,0x00000000e7f80000)
  to   space 12800K, 0% used [0x00000000e6700000,0x00000000e6700000,0x00000000e7380000)
 ParOldGen       total 60928K, used 12909K [0x00000000a0000000, 0x00000000a3b80000, 0x00000000e0000000)
  object space 60928K, 21% used [0x00000000a0000000,0x00000000a0c9b4a8,0x00000000a3b80000)
 Metaspace       used 33361K, capacity 33996K, committed 34304K, reserved 1079296K
  class space    used 4571K, capacity 4761K, committed 4864K, reserved 1048576K
}
Event: 3.655 GC heap before
{Heap before GC invocations=8 (full 1):
 PSYoungGen      total 116224K, used 29696K [0x00000000e0000000, 0x00000000e8000000, 0x0000000100000000)
  eden space 105472K, 17% used [0x00000000e0000000,0x00000000e1287140,0x00000000e6700000)
  from space 10752K, 99% used [0x00000000e7500000,0x00000000e7f79110,0x00000000e7f80000)
  to   space 12800K, 0% used [0x00000000e6700000,0x00000000e6700000,0x00000000e7380000)
 ParOldGen       total 60928K, used 12909K [0x00000000a0000000, 0x00000000a3b80000, 0x00000000e0000000)
  object space 60928K, 21% used [0x00000000a0000000,0x00000000a0c9b4a8,0x00000000a3b80000)
 Metaspace       used 34841K, capacity 35352K, committed 35456K, reserved 1079296K
  class space    used 4765K, capacity 4937K, committed 4992K, reserved 1048576K
Event: 3.661 GC heap after
Heap after GC invocations=8 (full 1):
 PSYoungGen      total 118272K, used 8464K [0x00000000e0000000, 0x00000000ebb80000, 0x0000000100000000)
  eden space 105472K, 0% used [0x00000000e0000000,0x00000000e0000000,0x00000000e6700000)
  from space 12800K, 66% used [0x00000000e6700000,0x00000000e6f44328,0x00000000e7380000)
  to   space 12800K, 0% used [0x00000000eaf00000,0x00000000eaf00000,0x00000000ebb80000)
 ParOldGen       total 60928K, used 12917K [0x00000000a0000000, 0x00000000a3b80000, 0x00000000e0000000)
  object space 60928K, 21% used [0x00000000a0000000,0x00000000a0c9d4a8,0x00000000a3b80000)
 Metaspace       used 34841K, capacity 35352K, committed 35456K, reserved 1079296K
  class space    used 4765K, capacity 4937K, committed 4992K, reserved 1048576K
}
Event: 3.661 GC heap before
{Heap before GC invocations=9 (full 2):
 PSYoungGen      total 118272K, used 8464K [0x00000000e0000000, 0x00000000ebb80000, 0x0000000100000000)
  eden space 105472K, 0% used [0x00000000e0000000,0x00000000e0000000,0x00000000e6700000)
  from space 12800K, 66% used [0x00000000e6700000,0x00000000e6f44328,0x00000000e7380000)
  to   space 12800K, 0% used [0x00000000eaf00000,0x00000000eaf00000,0x00000000ebb80000)
 ParOldGen       total 60928K, used 12917K [0x00000000a0000000, 0x00000000a3b80000, 0x00000000e0000000)
  object space 60928K, 21% used [0x00000000a0000000,0x00000000a0c9d4a8,0x00000000a3b80000)
 Metaspace       used 34841K, capacity 35352K, committed 35456K, reserved 1079296K
  class space    used 4765K, capacity 4937K, committed 4992K, reserved 1048576K
Event: 3.708 GC heap after
Heap after GC invocations=9 (full 2):
 PSYoungGen      total 118272K, used 0K [0x00000000e0000000, 0x00000000ebb80000, 0x0000000100000000)
  eden space 105472K, 0% used [0x00000000e0000000,0x00000000e0000000,0x00000000e6700000)
  from space 12800K, 0% used [0x00000000e6700000,0x00000000e6700000,0x00000000e7380000)
  to   space 12800K, 0% used [0x00000000eaf00000,0x00000000eaf00000,0x00000000ebb80000)
 ParOldGen       total 84480K, used 14777K [0x00000000a0000000, 0x00000000a5280000, 0x00000000e0000000)
  object space 84480K, 17% used [0x00000000a0000000,0x00000000a0e6e760,0x00000000a5280000)
 Metaspace       used 34799K, capacity 35246K, committed 35456K, reserved 1079296K
  class space    used 4752K, capacity 4923K, committed 4992K, reserved 1048576K
}
Event: 4.794 GC heap before
{Heap before GC invocations=10 (full 2):
 PSYoungGen      total 118272K, used 105472K [0x00000000e0000000, 0x00000000ebb80000, 0x0000000100000000)
  eden space 105472K, 100% used [0x00000000e0000000,0x00000000e6700000,0x00000000e6700000)
  from space 12800K, 0% used [0x00000000e6700000,0x00000000e6700000,0x00000000e7380000)
  to   space 12800K, 0% used [0x00000000eaf00000,0x00000000eaf00000,0x00000000ebb80000)
 ParOldGen       total 84480K, used 14777K [0x00000000a0000000, 0x00000000a5280000, 0x00000000e0000000)
  object space 84480K, 17% used [0x00000000a0000000,0x00000000a0e6e760,0x00000000a5280000)
 Metaspace       used 43793K, capacity 44504K, committed 44928K, reserved 1087488K
  class space    used 5958K, capacity 6139K, committed 6272K, reserved 1048576K
Event: 4.802 GC heap after
Heap after GC invocations=10 (full 2):
 PSYoungGen      total 176128K, used 10791K [0x00000000e0000000, 0x00000000eba80000, 0x0000000100000000)
  eden space 164352K, 0% used [0x00000000e0000000,0x00000000e0000000,0x00000000ea080000)
  from space 11776K, 91% used [0x00000000eaf00000,0x00000000eb989c48,0x00000000eba80000)
  to   space 13312K, 0% used [0x00000000ea080000,0x00000000ea080000,0x00000000ead80000)
 ParOldGen       total 84480K, used 14849K [0x00000000a0000000, 0x00000000a5280000, 0x00000000e0000000)
  object space 84480K, 17% used [0x00000000a0000000,0x00000000a0e80770,0x00000000a5280000)
 Metaspace       used 43793K, capacity 44504K, committed 44928K, reserved 1087488K
  class space    used 5958K, capacity 6139K, committed 6272K, reserved 1048576K
}
Event: 5.989 GC heap before
{Heap before GC invocations=11 (full 2):
 PSYoungGen      total 176128K, used 175143K [0x00000000e0000000, 0x00000000eba80000, 0x0000000100000000)
  eden space 164352K, 100% used [0x00000000e0000000,0x00000000ea080000,0x00000000ea080000)
  from space 11776K, 91% used [0x00000000eaf00000,0x00000000eb989c48,0x00000000eba80000)
  to   space 13312K, 0% used [0x00000000ea080000,0x00000000ea080000,0x00000000ead80000)
 ParOldGen       total 84480K, used 14849K [0x00000000a0000000, 0x00000000a5280000, 0x00000000e0000000)
  object space 84480K, 17% used [0x00000000a0000000,0x00000000a0e80770,0x00000000a5280000)
 Metaspace       used 50711K, capacity 51982K, committed 52096K, reserved 1093632K
  class space    used 6912K, capacity 7226K, committed 7296K, reserved 1048576K
Event: 6.008 GC heap after
Heap after GC invocations=11 (full 2):
 PSYoungGen      total 177664K, used 13280K [0x00000000e0000000, 0x00000000ef500000, 0x0000000100000000)
  eden space 164352K, 0% used [0x00000000e0000000,0x00000000e0000000,0x00000000ea080000)
  from space 13312K, 99% used [0x00000000ea080000,0x00000000ead78018,0x00000000ead80000)
  to   space 17408K, 0% used [0x00000000ee400000,0x00000000ee400000,0x00000000ef500000)
 ParOldGen       total 84480K, used 21848K [0x00000000a0000000, 0x00000000a5280000, 0x00000000e0000000)
  object space 84480K, 25% used [0x00000000a0000000,0x00000000a15560d8,0x00000000a5280000)
 Metaspace       used 50711K, capacity 51982K, committed 52096K, reserved 1093632K
  class space    used 6912K, capacity 7226K, committed 7296K, reserved 1048576K
}

